<?xml version="1.0" encoding="UTF-8"?>
<!-- Generated by org.testng.reporters.JUnitReportReporter -->
<testsuite skipped="0" hostname="Sairam" name="demo.TestNGParametersDemo" tests="1" failures="0" timestamp="2020-04-29T17:44:59 IST" time="0.026" errors="0">
  <testcase name="test" time="0.026" classname="demo.TestNGParametersDemo"/>
  <system-out/>
</testsuite> <!-- demo.TestNGParametersDemo -->
