<?xml version="1.0" encoding="UTF-8"?>
<!-- Generated by org.testng.reporters.JUnitReportReporter -->
<testsuite skipped="0" hostname="Sairam" name="test.TestNG_Demo2" tests="1" failures="0" timestamp="2020-04-27T18:58:33 IST" time="26.977" errors="0">
  <testcase name="googleSearch2" time="26.977" classname="test.TestNG_Demo2"/>
  <system-out/>
</testsuite> <!-- test.TestNG_Demo2 -->
