<?xml version="1.0" encoding="UTF-8"?>
<!-- Generated by org.testng.reporters.JUnitReportReporter -->
<testsuite skipped="0" hostname="Sairam" name="test.TestNG_Demo" tests="1" failures="0" timestamp="2020-04-27T18:58:33 IST" time="22.095" errors="0">
  <testcase name="googleSearch" time="22.095" classname="test.TestNG_Demo"/>
  <system-out/>
</testsuite> <!-- test.TestNG_Demo -->
