<?xml version="1.0" encoding="UTF-8"?>
<!-- Generated by org.testng.reporters.JUnitReportReporter -->
<testsuite skipped="0" hostname="Sairam" name="test.TestNG_Demo_Referingpropfile" tests="1" failures="0" timestamp="2020-04-23T19:07:09 IST" time="88.223" errors="0">
  <testcase name="googleSearch" time="88.223" classname="test.TestNG_Demo_Referingpropfile"/>
  <system-out/>
</testsuite> <!-- test.TestNG_Demo_Referingpropfile -->
