<?xml version="1.0" encoding="UTF-8"?>
<!-- Generated by org.testng.reporters.JUnitReportReporter -->
<testsuite skipped="0" hostname="Sairam" name="demo.TestNGGroupsDemo" tests="4" failures="0" timestamp="2020-04-29T18:08:37 IST" time="0.034" errors="0">
  <testcase name="test3" time="0.002" classname="demo.TestNGGroupsDemo"/>
  <system-out/>
  <testcase name="test1" time="0.026" classname="demo.TestNGGroupsDemo"/>
  <system-out/>
  <testcase name="test4" time="0.003" classname="demo.TestNGGroupsDemo"/>
  <system-out/>
  <testcase name="test2" time="0.003" classname="demo.TestNGGroupsDemo"/>
  <system-out/>
</testsuite> <!-- demo.TestNGGroupsDemo -->
