<?xml version="1.0" encoding="UTF-8"?>
<!-- Generated by org.testng.reporters.JUnitReportReporter -->
<testsuite skipped="0" hostname="Sairam" name="test.ExtentReportsDemowithTestNG" tests="1" failures="0" timestamp="2020-04-22T12:21:28 IST" time="11.672" errors="0">
  <testcase name="test1" time="11.672" classname="test.ExtentReportsDemowithTestNG"/>
  <system-out/>
</testsuite> <!-- test.ExtentReportsDemowithTestNG -->
