<?xml version="1.0" encoding="UTF-8"?>
<!-- Generated by org.testng.reporters.JUnitReportReporter -->
<testsuite skipped="0" hostname="Sairam" name="Utils.ExcelDataProvider" tests="3" failures="0" timestamp="2020-04-27T12:39:36 IST" time="20.681" errors="0">
  <testcase name="test1" time="3.521" classname="Utils.ExcelDataProvider"/>
  <system-out/>
  <testcase name="test1" time="4.010" classname="Utils.ExcelDataProvider"/>
  <system-out/>
  <testcase name="test1" time="13.150" classname="Utils.ExcelDataProvider"/>
  <system-out/>
</testsuite> <!-- Utils.ExcelDataProvider -->
