<?xml version="1.0" encoding="UTF-8"?>
<!-- Generated by org.testng.reporters.JUnitReportReporter -->
<testsuite skipped="0" hostname="Sairam" name="demo.TestNGDependencyDemo" tests="3" failures="0" timestamp="2020-04-29T18:13:34 IST" time="0.029" errors="0">
  <testcase name="test1" time="0.003" classname="demo.TestNGDependencyDemo"/>
  <system-out/>
  <testcase name="test2" time="0.022" classname="demo.TestNGDependencyDemo"/>
  <system-out/>
  <testcase name="test3" time="0.004" classname="demo.TestNGDependencyDemo"/>
  <system-out/>
</testsuite> <!-- demo.TestNGDependencyDemo -->
