<?xml version="1.0" encoding="UTF-8"?>
<!-- Generated by org.testng.reporters.JUnitReportReporter -->
<testsuite skipped="0" hostname="Sairam" name="demo.Test1" tests="1" failures="0" timestamp="2020-04-30T13:55:28 IST" time="12.704" errors="0">
  <testcase name="test1" time="12.704" classname="demo.Test1"/>
  <system-out/>
</testsuite> <!-- demo.Test1 -->
